<?xml version="1.0" encoding="UTF-8"?>
<!-- Generated by org.testng.reporters.JUnitReportReporter -->
<testsuite hostname="THORPC" name="qa.testng.test.ParallelDataProvider1Test" tests="50" failures="0" timestamp="19 Apr 2014 03:28:43 GMT" time="1.291" errors="0">
  <testcase name="checkCME1" time="0.025" classname="qa.testng.test.ParallelDataProvider1Test"/>
  <testcase name="checkCME1" time="0.026" classname="qa.testng.test.ParallelDataProvider1Test"/>
  <testcase name="checkCME1" time="0.025" classname="qa.testng.test.ParallelDataProvider1Test"/>
  <testcase name="checkCME1" time="0.025" classname="qa.testng.test.ParallelDataProvider1Test"/>
  <testcase name="checkCME1" time="0.025" classname="qa.testng.test.ParallelDataProvider1Test"/>
  <testcase name="checkCME1" time="0.027" classname="qa.testng.test.ParallelDataProvider1Test"/>
  <testcase name="checkCME1" time="0.026" classname="qa.testng.test.ParallelDataProvider1Test"/>
  <testcase name="checkCME1" time="0.026" classname="qa.testng.test.ParallelDataProvider1Test"/>
  <testcase name="checkCME1" time="0.026" classname="qa.testng.test.ParallelDataProvider1Test"/>
  <testcase name="checkCME1" time="0.025" classname="qa.testng.test.ParallelDataProvider1Test"/>
  <testcase name="checkCME1" time="0.027" classname="qa.testng.test.ParallelDataProvider1Test"/>
  <testcase name="checkCME1" time="0.026" classname="qa.testng.test.ParallelDataProvider1Test"/>
  <testcase name="checkCME1" time="0.025" classname="qa.testng.test.ParallelDataProvider1Test"/>
  <testcase name="checkCME1" time="0.026" classname="qa.testng.test.ParallelDataProvider1Test"/>
  <testcase name="checkCME1" time="0.025" classname="qa.testng.test.ParallelDataProvider1Test"/>
  <testcase name="checkCME1" time="0.025" classname="qa.testng.test.ParallelDataProvider1Test"/>
  <testcase name="checkCME1" time="0.027" classname="qa.testng.test.ParallelDataProvider1Test"/>
  <testcase name="checkCME1" time="0.025" classname="qa.testng.test.ParallelDataProvider1Test"/>
  <testcase name="checkCME1" time="0.026" classname="qa.testng.test.ParallelDataProvider1Test"/>
  <testcase name="checkCME1" time="0.027" classname="qa.testng.test.ParallelDataProvider1Test"/>
  <testcase name="checkCME1" time="0.026" classname="qa.testng.test.ParallelDataProvider1Test"/>
  <testcase name="checkCME1" time="0.028" classname="qa.testng.test.ParallelDataProvider1Test"/>
  <testcase name="checkCME1" time="0.027" classname="qa.testng.test.ParallelDataProvider1Test"/>
  <testcase name="checkCME1" time="0.026" classname="qa.testng.test.ParallelDataProvider1Test"/>
  <testcase name="checkCME1" time="0.026" classname="qa.testng.test.ParallelDataProvider1Test"/>
  <testcase name="checkCME1" time="0.025" classname="qa.testng.test.ParallelDataProvider1Test"/>
  <testcase name="checkCME1" time="0.026" classname="qa.testng.test.ParallelDataProvider1Test"/>
  <testcase name="checkCME1" time="0.026" classname="qa.testng.test.ParallelDataProvider1Test"/>
  <testcase name="checkCME1" time="0.025" classname="qa.testng.test.ParallelDataProvider1Test"/>
  <testcase name="checkCME1" time="0.026" classname="qa.testng.test.ParallelDataProvider1Test"/>
  <testcase name="checkCME1" time="0.026" classname="qa.testng.test.ParallelDataProvider1Test"/>
  <testcase name="checkCME1" time="0.026" classname="qa.testng.test.ParallelDataProvider1Test"/>
  <testcase name="checkCME1" time="0.025" classname="qa.testng.test.ParallelDataProvider1Test"/>
  <testcase name="checkCME1" time="0.026" classname="qa.testng.test.ParallelDataProvider1Test"/>
  <testcase name="checkCME1" time="0.028" classname="qa.testng.test.ParallelDataProvider1Test"/>
  <testcase name="checkCME1" time="0.026" classname="qa.testng.test.ParallelDataProvider1Test"/>
  <testcase name="checkCME1" time="0.026" classname="qa.testng.test.ParallelDataProvider1Test"/>
  <testcase name="checkCME1" time="0.025" classname="qa.testng.test.ParallelDataProvider1Test"/>
  <testcase name="checkCME1" time="0.025" classname="qa.testng.test.ParallelDataProvider1Test"/>
  <testcase name="checkCME1" time="0.025" classname="qa.testng.test.ParallelDataProvider1Test"/>
  <testcase name="checkCME1" time="0.025" classname="qa.testng.test.ParallelDataProvider1Test"/>
  <testcase name="checkCME1" time="0.025" classname="qa.testng.test.ParallelDataProvider1Test"/>
  <testcase name="checkCME1" time="0.025" classname="qa.testng.test.ParallelDataProvider1Test"/>
  <testcase name="checkCME1" time="0.025" classname="qa.testng.test.ParallelDataProvider1Test"/>
  <testcase name="checkCME1" time="0.026" classname="qa.testng.test.ParallelDataProvider1Test"/>
  <testcase name="checkCME1" time="0.026" classname="qa.testng.test.ParallelDataProvider1Test"/>
  <testcase name="checkCME1" time="0.027" classname="qa.testng.test.ParallelDataProvider1Test"/>
  <testcase name="checkCME1" time="0.026" classname="qa.testng.test.ParallelDataProvider1Test"/>
  <testcase name="checkCME1" time="0.026" classname="qa.testng.test.ParallelDataProvider1Test"/>
  <testcase name="checkCME1" time="0.026" classname="qa.testng.test.ParallelDataProvider1Test"/>
</testsuite> <!-- qa.testng.test.ParallelDataProvider1Test -->
