<?xml version="1.0" encoding="UTF-8"?>
<!-- Generated by org.testng.reporters.JUnitReportReporter -->
<testsuite hostname="THORPC" name="qa.testng.test.factory.ParallelDataProvider2Test" tests="100" failures="0" timestamp="19 Apr 2014 03:28:43 GMT" time="2.604" errors="0">
  <testcase name="checkCME1" time="0.026" classname="qa.testng.test.factory.ParallelDataProvider2Test"/>
  <testcase name="checkCME1" time="0.025" classname="qa.testng.test.factory.ParallelDataProvider2Test"/>
  <testcase name="checkCME1" time="0.025" classname="qa.testng.test.factory.ParallelDataProvider2Test"/>
  <testcase name="checkCME1" time="0.026" classname="qa.testng.test.factory.ParallelDataProvider2Test"/>
  <testcase name="checkCME1" time="0.027" classname="qa.testng.test.factory.ParallelDataProvider2Test"/>
  <testcase name="checkCME1" time="0.025" classname="qa.testng.test.factory.ParallelDataProvider2Test"/>
  <testcase name="checkCME1" time="0.025" classname="qa.testng.test.factory.ParallelDataProvider2Test"/>
  <testcase name="checkCME1" time="0.026" classname="qa.testng.test.factory.ParallelDataProvider2Test"/>
  <testcase name="checkCME1" time="0.031" classname="qa.testng.test.factory.ParallelDataProvider2Test"/>
  <testcase name="checkCME1" time="0.026" classname="qa.testng.test.factory.ParallelDataProvider2Test"/>
  <testcase name="checkCME1" time="0.027" classname="qa.testng.test.factory.ParallelDataProvider2Test"/>
  <testcase name="checkCME1" time="0.026" classname="qa.testng.test.factory.ParallelDataProvider2Test"/>
  <testcase name="checkCME1" time="0.027" classname="qa.testng.test.factory.ParallelDataProvider2Test"/>
  <testcase name="checkCME1" time="0.027" classname="qa.testng.test.factory.ParallelDataProvider2Test"/>
  <testcase name="checkCME1" time="0.025" classname="qa.testng.test.factory.ParallelDataProvider2Test"/>
  <testcase name="checkCME1" time="0.027" classname="qa.testng.test.factory.ParallelDataProvider2Test"/>
  <testcase name="checkCME1" time="0.025" classname="qa.testng.test.factory.ParallelDataProvider2Test"/>
  <testcase name="checkCME1" time="0.025" classname="qa.testng.test.factory.ParallelDataProvider2Test"/>
  <testcase name="checkCME1" time="0.026" classname="qa.testng.test.factory.ParallelDataProvider2Test"/>
  <testcase name="checkCME1" time="0.026" classname="qa.testng.test.factory.ParallelDataProvider2Test"/>
  <testcase name="checkCME1" time="0.025" classname="qa.testng.test.factory.ParallelDataProvider2Test"/>
  <testcase name="checkCME1" time="0.026" classname="qa.testng.test.factory.ParallelDataProvider2Test"/>
  <testcase name="checkCME1" time="0.028" classname="qa.testng.test.factory.ParallelDataProvider2Test"/>
  <testcase name="checkCME1" time="0.025" classname="qa.testng.test.factory.ParallelDataProvider2Test"/>
  <testcase name="checkCME1" time="0.026" classname="qa.testng.test.factory.ParallelDataProvider2Test"/>
  <testcase name="checkCME1" time="0.027" classname="qa.testng.test.factory.ParallelDataProvider2Test"/>
  <testcase name="checkCME1" time="0.026" classname="qa.testng.test.factory.ParallelDataProvider2Test"/>
  <testcase name="checkCME1" time="0.026" classname="qa.testng.test.factory.ParallelDataProvider2Test"/>
  <testcase name="checkCME1" time="0.025" classname="qa.testng.test.factory.ParallelDataProvider2Test"/>
  <testcase name="checkCME1" time="0.025" classname="qa.testng.test.factory.ParallelDataProvider2Test"/>
  <testcase name="checkCME1" time="0.025" classname="qa.testng.test.factory.ParallelDataProvider2Test"/>
  <testcase name="checkCME1" time="0.025" classname="qa.testng.test.factory.ParallelDataProvider2Test"/>
  <testcase name="checkCME1" time="0.028" classname="qa.testng.test.factory.ParallelDataProvider2Test"/>
  <testcase name="checkCME1" time="0.025" classname="qa.testng.test.factory.ParallelDataProvider2Test"/>
  <testcase name="checkCME1" time="0.025" classname="qa.testng.test.factory.ParallelDataProvider2Test"/>
  <testcase name="checkCME1" time="0.027" classname="qa.testng.test.factory.ParallelDataProvider2Test"/>
  <testcase name="checkCME1" time="0.026" classname="qa.testng.test.factory.ParallelDataProvider2Test"/>
  <testcase name="checkCME1" time="0.025" classname="qa.testng.test.factory.ParallelDataProvider2Test"/>
  <testcase name="checkCME1" time="0.025" classname="qa.testng.test.factory.ParallelDataProvider2Test"/>
  <testcase name="checkCME1" time="0.028" classname="qa.testng.test.factory.ParallelDataProvider2Test"/>
  <testcase name="checkCME1" time="0.025" classname="qa.testng.test.factory.ParallelDataProvider2Test"/>
  <testcase name="checkCME1" time="0.025" classname="qa.testng.test.factory.ParallelDataProvider2Test"/>
  <testcase name="checkCME1" time="0.028" classname="qa.testng.test.factory.ParallelDataProvider2Test"/>
  <testcase name="checkCME1" time="0.026" classname="qa.testng.test.factory.ParallelDataProvider2Test"/>
  <testcase name="checkCME1" time="0.025" classname="qa.testng.test.factory.ParallelDataProvider2Test"/>
  <testcase name="checkCME1" time="0.026" classname="qa.testng.test.factory.ParallelDataProvider2Test"/>
  <testcase name="checkCME1" time="0.026" classname="qa.testng.test.factory.ParallelDataProvider2Test"/>
  <testcase name="checkCME1" time="0.025" classname="qa.testng.test.factory.ParallelDataProvider2Test"/>
  <testcase name="checkCME1" time="0.025" classname="qa.testng.test.factory.ParallelDataProvider2Test"/>
  <testcase name="checkCME1" time="0.026" classname="qa.testng.test.factory.ParallelDataProvider2Test"/>
  <testcase name="checkCME1" time="0.030" classname="qa.testng.test.factory.ParallelDataProvider2Test"/>
  <testcase name="checkCME1" time="0.027" classname="qa.testng.test.factory.ParallelDataProvider2Test"/>
  <testcase name="checkCME1" time="0.026" classname="qa.testng.test.factory.ParallelDataProvider2Test"/>
  <testcase name="checkCME1" time="0.025" classname="qa.testng.test.factory.ParallelDataProvider2Test"/>
  <testcase name="checkCME1" time="0.025" classname="qa.testng.test.factory.ParallelDataProvider2Test"/>
  <testcase name="checkCME1" time="0.026" classname="qa.testng.test.factory.ParallelDataProvider2Test"/>
  <testcase name="checkCME1" time="0.026" classname="qa.testng.test.factory.ParallelDataProvider2Test"/>
  <testcase name="checkCME1" time="0.026" classname="qa.testng.test.factory.ParallelDataProvider2Test"/>
  <testcase name="checkCME1" time="0.025" classname="qa.testng.test.factory.ParallelDataProvider2Test"/>
  <testcase name="checkCME1" time="0.027" classname="qa.testng.test.factory.ParallelDataProvider2Test"/>
  <testcase name="checkCME1" time="0.027" classname="qa.testng.test.factory.ParallelDataProvider2Test"/>
  <testcase name="checkCME1" time="0.025" classname="qa.testng.test.factory.ParallelDataProvider2Test"/>
  <testcase name="checkCME1" time="0.026" classname="qa.testng.test.factory.ParallelDataProvider2Test"/>
  <testcase name="checkCME1" time="0.026" classname="qa.testng.test.factory.ParallelDataProvider2Test"/>
  <testcase name="checkCME1" time="0.027" classname="qa.testng.test.factory.ParallelDataProvider2Test"/>
  <testcase name="checkCME1" time="0.027" classname="qa.testng.test.factory.ParallelDataProvider2Test"/>
  <testcase name="checkCME1" time="0.026" classname="qa.testng.test.factory.ParallelDataProvider2Test"/>
  <testcase name="checkCME1" time="0.026" classname="qa.testng.test.factory.ParallelDataProvider2Test"/>
  <testcase name="checkCME1" time="0.027" classname="qa.testng.test.factory.ParallelDataProvider2Test"/>
  <testcase name="checkCME1" time="0.026" classname="qa.testng.test.factory.ParallelDataProvider2Test"/>
  <testcase name="checkCME1" time="0.026" classname="qa.testng.test.factory.ParallelDataProvider2Test"/>
  <testcase name="checkCME1" time="0.027" classname="qa.testng.test.factory.ParallelDataProvider2Test"/>
  <testcase name="checkCME1" time="0.026" classname="qa.testng.test.factory.ParallelDataProvider2Test"/>
  <testcase name="checkCME1" time="0.027" classname="qa.testng.test.factory.ParallelDataProvider2Test"/>
  <testcase name="checkCME1" time="0.025" classname="qa.testng.test.factory.ParallelDataProvider2Test"/>
  <testcase name="checkCME1" time="0.027" classname="qa.testng.test.factory.ParallelDataProvider2Test"/>
  <testcase name="checkCME1" time="0.025" classname="qa.testng.test.factory.ParallelDataProvider2Test"/>
  <testcase name="checkCME1" time="0.025" classname="qa.testng.test.factory.ParallelDataProvider2Test"/>
  <testcase name="checkCME1" time="0.025" classname="qa.testng.test.factory.ParallelDataProvider2Test"/>
  <testcase name="checkCME1" time="0.027" classname="qa.testng.test.factory.ParallelDataProvider2Test"/>
  <testcase name="checkCME1" time="0.025" classname="qa.testng.test.factory.ParallelDataProvider2Test"/>
  <testcase name="checkCME1" time="0.027" classname="qa.testng.test.factory.ParallelDataProvider2Test"/>
  <testcase name="checkCME1" time="0.025" classname="qa.testng.test.factory.ParallelDataProvider2Test"/>
  <testcase name="checkCME1" time="0.025" classname="qa.testng.test.factory.ParallelDataProvider2Test"/>
  <testcase name="checkCME1" time="0.025" classname="qa.testng.test.factory.ParallelDataProvider2Test"/>
  <testcase name="checkCME1" time="0.026" classname="qa.testng.test.factory.ParallelDataProvider2Test"/>
  <testcase name="checkCME1" time="0.027" classname="qa.testng.test.factory.ParallelDataProvider2Test"/>
  <testcase name="checkCME1" time="0.026" classname="qa.testng.test.factory.ParallelDataProvider2Test"/>
  <testcase name="checkCME1" time="0.026" classname="qa.testng.test.factory.ParallelDataProvider2Test"/>
  <testcase name="checkCME1" time="0.025" classname="qa.testng.test.factory.ParallelDataProvider2Test"/>
  <testcase name="checkCME1" time="0.026" classname="qa.testng.test.factory.ParallelDataProvider2Test"/>
  <testcase name="checkCME1" time="0.026" classname="qa.testng.test.factory.ParallelDataProvider2Test"/>
  <testcase name="checkCME1" time="0.030" classname="qa.testng.test.factory.ParallelDataProvider2Test"/>
  <testcase name="checkCME1" time="0.027" classname="qa.testng.test.factory.ParallelDataProvider2Test"/>
  <testcase name="checkCME1" time="0.025" classname="qa.testng.test.factory.ParallelDataProvider2Test"/>
  <testcase name="checkCME1" time="0.025" classname="qa.testng.test.factory.ParallelDataProvider2Test"/>
  <testcase name="checkCME1" time="0.025" classname="qa.testng.test.factory.ParallelDataProvider2Test"/>
  <testcase name="checkCME1" time="0.025" classname="qa.testng.test.factory.ParallelDataProvider2Test"/>
  <testcase name="checkCME1" time="0.027" classname="qa.testng.test.factory.ParallelDataProvider2Test"/>
  <testcase name="checkCME1" time="0.027" classname="qa.testng.test.factory.ParallelDataProvider2Test"/>
</testsuite> <!-- qa.testng.test.factory.ParallelDataProvider2Test -->
